<?xml version="1.0" encoding="UTF-8"?>
<!-- Generated by org.testng.reporters.JUnitReportReporter -->
<testsuite hostname="Tamizh" failures="0" tests="1" name="scripts.CreateSchedulerTestCase" time="41.335" errors="0" timestamp="2024-02-18T15:02:59 IST" skipped="0">
  <testcase classname="scripts.CreateSchedulerTestCase" name="schedule" time="41.335"/>
  <system-out/>
</testsuite> <!-- scripts.CreateSchedulerTestCase -->
