<?xml version="1.0" encoding="UTF-8"?>
<!-- Generated by org.testng.reporters.JUnitReportReporter -->
<testsuite hostname="Tamizh" failures="0" tests="1" name="scripts.LoginTestCase" time="94.013" errors="0" timestamp="2024-03-05T23:32:26 IST" skipped="0">
  <testcase classname="scripts.LoginTestCase" name="login" time="94.013"/>
  <system-out/>
</testsuite> <!-- scripts.LoginTestCase -->
