<?xml version="1.0" encoding="UTF-8"?>
<!-- Generated by org.testng.reporters.JUnitReportReporter -->
<testsuite hostname="Tamizh" failures="0" tests="1" name="scripts.PaymentTestCase" time="86.890" errors="0" timestamp="2024-03-05T23:32:26 IST" skipped="0">
  <testcase classname="scripts.PaymentTestCase" name="payment" time="86.890"/>
  <system-out/>
</testsuite> <!-- scripts.PaymentTestCase -->
