<?xml version="1.0" encoding="UTF-8"?>
<!-- Generated by org.testng.reporters.JUnitReportReporter -->
<testsuite hostname="Tamizh" failures="0" tests="1" name="scripts.ApptSettingTestCase" time="173.700" errors="0" timestamp="2024-03-05T23:32:26 IST" skipped="0">
  <testcase classname="scripts.ApptSettingTestCase" name="apptsetting" time="173.700"/>
  <system-out/>
</testsuite> <!-- scripts.ApptSettingTestCase -->
