<?xml version="1.0" encoding="UTF-8"?>
<!-- Generated by org.testng.reporters.JUnitReportReporter -->
<testsuite hostname="Tamizh" failures="0" tests="1" name="scripts.RegistrationTestCase" time="20.934" errors="0" timestamp="2024-02-18T15:37:18 IST" skipped="0">
  <testcase classname="scripts.RegistrationTestCase" name="register" time="20.934"/>
  <system-out/>
</testsuite> <!-- scripts.RegistrationTestCase -->
