<?xml version="1.0" encoding="UTF-8"?>
<!-- Generated by org.testng.reporters.JUnitReportReporter -->
<testsuite hostname="Tamizh" failures="0" tests="1" name="scripts.RegistrationTestCase" time="29.450" errors="0" timestamp="2024-01-30T22:34:12 IST" skipped="0">
  <testcase classname="scripts.RegistrationTestCase" name="register" time="29.450"/>
  <system-out/>
</testsuite> <!-- scripts.RegistrationTestCase -->
