<?xml version="1.0" encoding="UTF-8"?>
<!-- Generated by org.testng.reporters.JUnitReportReporter -->
<testsuite hostname="Tamizh" failures="0" tests="1" name="scripts.ApptSettingTestCase" time="30.511" errors="0" timestamp="2024-02-04T16:48:41 IST" skipped="0">
  <testcase classname="scripts.ApptSettingTestCase" name="apptsetting" time="30.511"/>
  <system-out/>
</testsuite> <!-- scripts.ApptSettingTestCase -->
