<?xml version="1.0" encoding="UTF-8"?>
<!-- Generated by org.testng.reporters.JUnitReportReporter -->
<testsuite hostname="Tamizh" failures="0" tests="1" name="scripts.LoginTestCase" time="70.166" errors="0" timestamp="2024-02-04T01:13:53 IST" skipped="0">
  <testcase classname="scripts.LoginTestCase" name="login" time="70.166"/>
  <system-out/>
</testsuite> <!-- scripts.LoginTestCase -->
