<?xml version="1.0" encoding="UTF-8"?>
<!-- Generated by org.testng.reporters.JUnitReportReporter -->
<testsuite hostname="Tamizh" failures="0" tests="1" name="scripts.PaymentTestCase" time="19.323" errors="0" timestamp="2024-02-04T17:28:06 IST" skipped="0">
  <testcase classname="scripts.PaymentTestCase" name="payment" time="19.323"/>
  <system-out/>
</testsuite> <!-- scripts.PaymentTestCase -->
