<?xml version="1.0" encoding="UTF-8"?>
<!-- Generated by org.testng.reporters.JUnitReportReporter -->
<testsuite hostname="Tamizh" failures="0" tests="1" name="scripts.ApptTypeTestCase" time="25.019" errors="0" timestamp="2024-02-04T17:11:45 IST" skipped="0">
  <testcase classname="scripts.ApptTypeTestCase" name="appttype" time="25.019"/>
  <system-out/>
</testsuite> <!-- scripts.ApptTypeTestCase -->
