<?xml version="1.0" encoding="UTF-8"?>
<!-- Generated by org.testng.reporters.JUnitReportReporter -->
<testsuite hostname="Tamizh" failures="0" tests="1" name="scripts.CreateSchedulerTestCase" time="29.703" errors="0" timestamp="2024-02-04T18:08:21 IST" skipped="0">
  <testcase classname="scripts.CreateSchedulerTestCase" name="schedule" time="29.703"/>
  <system-out/>
</testsuite> <!-- scripts.CreateSchedulerTestCase -->
